-------------------------------------------------------------------------------
Test set: com.javatechie.spring.batch.BatchProcessingDemoApplicationTests
-------------------------------------------------------------------------------
Tests run: 1, Failures: 0, Errors: 1, Skipped: 0, Time elapsed: 5.922 s <<< FAILURE! - in com.javatechie.spring.batch.BatchProcessingDemoApplicationTests
contextLoads  Time elapsed: 0.019 s  <<< ERROR!
java.lang.IllegalStateException: Failed to load ApplicationContext
Caused by: org.springframework.beans.factory.UnsatisfiedDependencyException: Error creating bean with name 'springBatchConfig': Unsatisfied dependency expressed through field 'customerRepository'; nested exception is org.springframework.beans.factory.BeanCreationException: Error creating bean with name 'customerRepository' defined in com.javatechie.spring.batch.repository.CustomerRepository defined in @EnableJpaRepositories declared on JpaRepositoriesRegistrar.EnableJpaRepositoriesConfiguration: Invocation of init method failed; nested exception is org.springframework.data.repository.query.QueryCreationException: Could not create query for public abstract java.util.List com.javatechie.spring.batch.repository.CustomerRepository.getDataByGender()! Reason: Validation failed for query for method public abstract java.util.List com.javatechie.spring.batch.repository.CustomerRepository.getDataByGender()!; nested exception is java.lang.IllegalArgumentException: Validation failed for query for method public abstract java.util.List com.javatechie.spring.batch.repository.CustomerRepository.getDataByGender()!
Caused by: org.springframework.beans.factory.BeanCreationException: Error creating bean with name 'customerRepository' defined in com.javatechie.spring.batch.repository.CustomerRepository defined in @EnableJpaRepositories declared on JpaRepositoriesRegistrar.EnableJpaRepositoriesConfiguration: Invocation of init method failed; nested exception is org.springframework.data.repository.query.QueryCreationException: Could not create query for public abstract java.util.List com.javatechie.spring.batch.repository.CustomerRepository.getDataByGender()! Reason: Validation failed for query for method public abstract java.util.List com.javatechie.spring.batch.repository.CustomerRepository.getDataByGender()!; nested exception is java.lang.IllegalArgumentException: Validation failed for query for method public abstract java.util.List com.javatechie.spring.batch.repository.CustomerRepository.getDataByGender()!
Caused by: org.springframework.data.repository.query.QueryCreationException: Could not create query for public abstract java.util.List com.javatechie.spring.batch.repository.CustomerRepository.getDataByGender()! Reason: Validation failed for query for method public abstract java.util.List com.javatechie.spring.batch.repository.CustomerRepository.getDataByGender()!; nested exception is java.lang.IllegalArgumentException: Validation failed for query for method public abstract java.util.List com.javatechie.spring.batch.repository.CustomerRepository.getDataByGender()!
Caused by: java.lang.IllegalArgumentException: Validation failed for query for method public abstract java.util.List com.javatechie.spring.batch.repository.CustomerRepository.getDataByGender()!
Caused by: java.lang.IllegalArgumentException: org.hibernate.QueryException: unexpected char: ';' [select distinct(gender) as genderName,count(*) as genderCount from customers_info group by gender;]
Caused by: org.hibernate.QueryException: unexpected char: ';' [select distinct(gender) as genderName,count(*) as genderCount from customers_info group by gender;]

